0 info it worked if it ends with ok
1 verbose cli [ '/usr/local/Cellar/node/6.3.0/bin/node',
1 verbose cli   '/Users/Greg/.npm-packages/bin/npm',
1 verbose cli   'start' ]
2 info using npm@3.10.5
3 info using node@v6.3.0
4 verbose run-script [ 'prestart', 'start', 'poststart' ]
5 info lifecycle API-Final-Project@0.0.1~prestart: API-Final-Project@0.0.1
6 silly lifecycle API-Final-Project@0.0.1~prestart: no script for prestart, continuing
7 info lifecycle API-Final-Project@0.0.1~start: API-Final-Project@0.0.1
8 verbose lifecycle API-Final-Project@0.0.1~start: unsafe-perm in lifecycle true
9 verbose lifecycle API-Final-Project@0.0.1~start: PATH: /Users/Greg/.npm-packages/lib/node_modules/npm/bin/node-gyp-bin:/Users/Greg/Documents/Projects/final-project-api-hack/node_modules/.bin:/usr/local/Cellar/node/6.3.0/bin:/Applications/MAMP/db:/Library/Frameworks/Python.framework/Versions/3.4/bin:/Users/Greg/.npm-packages/bin:/Applications/apache-maven-3.2.2/bin:/Users/Greg/.rvm/gems/ruby-2.1.2/bin:/Users/Greg/.rvm/gems/ruby-2.1.2@global/bin:/Users/Greg/.rvm/rubies/ruby-2.1.2/bin:/Applications/MAMP/db:/Library/Frameworks/Python.framework/Versions/3.4/bin:/Applications/apache-maven-3.2.2/bin:/usr/local/bin:/usr/bin:/bin:/usr/sbin:/sbin:/opt/X11/bin:/Applications/PostgreSQL/9.3/bin:/Users/Greg/.rvm/bin:/Applications/PostgreSQL/9.3/bin
10 verbose lifecycle API-Final-Project@0.0.1~start: CWD: /Users/Greg/Documents/Projects/final-project-api-hack
11 silly lifecycle API-Final-Project@0.0.1~start: Args: [ '-c', 'node main.js' ]
12 silly lifecycle API-Final-Project@0.0.1~start: Returned: code: 1  signal: null
13 info lifecycle API-Final-Project@0.0.1~start: Failed to exec start script
14 verbose stack Error: API-Final-Project@0.0.1 start: `node main.js`
14 verbose stack Exit status 1
14 verbose stack     at EventEmitter.<anonymous> (/Users/Greg/.npm-packages/lib/node_modules/npm/lib/utils/lifecycle.js:242:16)
14 verbose stack     at emitTwo (events.js:106:13)
14 verbose stack     at EventEmitter.emit (events.js:191:7)
14 verbose stack     at ChildProcess.<anonymous> (/Users/Greg/.npm-packages/lib/node_modules/npm/lib/utils/spawn.js:40:14)
14 verbose stack     at emitTwo (events.js:106:13)
14 verbose stack     at ChildProcess.emit (events.js:191:7)
14 verbose stack     at maybeClose (internal/child_process.js:852:16)
14 verbose stack     at Process.ChildProcess._handle.onexit (internal/child_process.js:215:5)
15 verbose pkgid API-Final-Project@0.0.1
16 verbose cwd /Users/Greg/Documents/Projects/final-project-api-hack
17 error Darwin 15.5.0
18 error argv "/usr/local/Cellar/node/6.3.0/bin/node" "/Users/Greg/.npm-packages/bin/npm" "start"
19 error node v6.3.0
20 error npm  v3.10.5
21 error code ELIFECYCLE
22 error API-Final-Project@0.0.1 start: `node main.js`
22 error Exit status 1
23 error Failed at the API-Final-Project@0.0.1 start script 'node main.js'.
23 error Make sure you have the latest version of node.js and npm installed.
23 error If you do, this is most likely a problem with the API-Final-Project package,
23 error not with npm itself.
23 error Tell the author that this fails on your system:
23 error     node main.js
23 error You can get information on how to open an issue for this project with:
23 error     npm bugs API-Final-Project
23 error Or if that isn't available, you can get their info via:
23 error     npm owner ls API-Final-Project
23 error There is likely additional logging output above.
24 verbose exit [ 1, true ]
